2017-11-14 14:28:27,759 1844   [       Worker-8] WARN  nternal.embedder.EclipseLogger  - Using platform encoding (UTF-8 actually) to copy filtered resources, i.e. build is platform dependent!
2017-11-14 14:28:27,874 1959   [       Worker-8] WARN  nternal.embedder.EclipseLogger  - Using platform encoding (UTF-8 actually) to copy filtered resources, i.e. build is platform dependent!
2017-11-14 14:42:13,230 1061   [       Worker-3] WARN  nternal.embedder.EclipseLogger  - Using platform encoding (UTF-8 actually) to copy filtered resources, i.e. build is platform dependent!
2017-11-14 14:42:13,333 1164   [       Worker-3] WARN  nternal.embedder.EclipseLogger  - Using platform encoding (UTF-8 actually) to copy filtered resources, i.e. build is platform dependent!
2017-11-14 14:45:13,276 181107 [      Worker-12] ERROR internal.MarkerLocationService  - Error checking for warnings
java.lang.NullPointerException
	at org.eclipse.m2e.editor.xml.internal.MarkerLocationService.checkVarious(MarkerLocationService.java:590)
	at org.eclipse.m2e.editor.xml.internal.MarkerLocationService.addEditorHintMarkers(MarkerLocationService.java:241)
	at org.eclipse.m2e.core.internal.markers.MarkerUtils.addEditorHintMarkers(MarkerUtils.java:66)
	at org.eclipse.m2e.core.internal.project.registry.ProjectRegistryManager$4.call(ProjectRegistryManager.java:708)
	at org.eclipse.m2e.core.internal.project.registry.ProjectRegistryManager$4.call(ProjectRegistryManager.java:1)
	at org.eclipse.m2e.core.internal.embedder.MavenExecutionContext.executeBare(MavenExecutionContext.java:176)
	at org.eclipse.m2e.core.internal.embedder.MavenExecutionContext.execute(MavenExecutionContext.java:151)
	at org.eclipse.m2e.core.internal.embedder.MavenExecutionContext.execute(MavenExecutionContext.java:99)
	at org.eclipse.m2e.core.internal.project.registry.ProjectRegistryManager.execute(ProjectRegistryManager.java:967)
	at org.eclipse.m2e.core.internal.project.registry.ProjectRegistryManager.readMavenProjectFacade(ProjectRegistryManager.java:699)
	at org.eclipse.m2e.core.internal.project.registry.ProjectRegistryManager.refresh(ProjectRegistryManager.java:398)
	at org.eclipse.m2e.core.internal.project.registry.ProjectRegistryManager.refresh(ProjectRegistryManager.java:351)
	at org.eclipse.m2e.core.internal.project.registry.ProjectRegistryManager.refresh(ProjectRegistryManager.java:298)
	at org.eclipse.m2e.core.internal.project.ProjectConfigurationManager.updateProjectConfiguration0(ProjectConfigurationManager.java:398)
	at org.eclipse.m2e.core.internal.project.ProjectConfigurationManager$2.call(ProjectConfigurationManager.java:345)
	at org.eclipse.m2e.core.internal.project.ProjectConfigurationManager$2.call(ProjectConfigurationManager.java:1)
	at org.eclipse.m2e.core.internal.embedder.MavenExecutionContext.executeBare(MavenExecutionContext.java:176)
	at org.eclipse.m2e.core.internal.embedder.MavenExecutionContext.execute(MavenExecutionContext.java:151)
	at org.eclipse.m2e.core.internal.embedder.MavenExecutionContext.execute(MavenExecutionContext.java:99)
	at org.eclipse.m2e.core.internal.embedder.MavenImpl.execute(MavenImpl.java:1351)
	at org.eclipse.m2e.core.internal.project.ProjectConfigurationManager.updateProjectConfiguration(ProjectConfigurationManager.java:342)
	at org.eclipse.m2e.core.ui.internal.UpdateMavenProjectJob.runInWorkspace(UpdateMavenProjectJob.java:77)
	at org.eclipse.core.internal.resources.InternalWorkspaceJob.run(InternalWorkspaceJob.java:39)
	at org.eclipse.core.internal.jobs.Worker.run(Worker.java:55)
2017-11-14 15:20:12,876 2205   [       Worker-5] WARN  nternal.embedder.EclipseLogger  - Using platform encoding (UTF-8 actually) to copy filtered resources, i.e. build is platform dependent!
2017-11-14 15:20:12,957 2286   [       Worker-5] WARN  nternal.embedder.EclipseLogger  - Using platform encoding (UTF-8 actually) to copy filtered resources, i.e. build is platform dependent!
2017-11-14 16:16:46,078 3957   [       Worker-9] WARN  nternal.embedder.EclipseLogger  - Using platform encoding (UTF-8 actually) to copy filtered resources, i.e. build is platform dependent!
2017-11-14 16:16:46,131 4010   [       Worker-9] WARN  nternal.embedder.EclipseLogger  - Using platform encoding (UTF-8 actually) to copy filtered resources, i.e. build is platform dependent!
